生成启动时间为 2018/5/20 21:54:54。
     1>项目“E:\GitHub\Work2018\Ball\Ball.vcxproj”在节点 2 上(build 个目标)。
     1>InitializeBuildStatus:
         正在对“Debug\Ball.unsuccessfulbuild”执行 Touch 任务。
       ClCompile:
         所有输出均为最新。
         C:\Program Files (x86)\Microsoft Visual Studio 10.0\VC\bin\CL.exe /c /ZI /nologo /W3 /WX- /Od /Oy- /D WIN32 /D _DEBUG /D _WINDOWS /D _VC80_UPGRADE=0x0710 /D _MBCS /Gm /EHsc /RTC1 /MTd /GS /fp:precise /Zc:wchar_t /Zc:forScope /Yu"StdAfx.h" /Fp"Debug\Ball.pch" /Fo"Debug\\" /Fd"Debug\vc100.pdb" /Gd /TP /analyze- /errorReport:prompt BallManager.cpp
         BallManager.cpp
     1>e:\github\work2018\ball\ballmanager.cpp(415): warning C4244: “参数”: 从“float”转换到“int”，可能丢失数据
     1>e:\github\work2018\ball\ballmanager.cpp(415): warning C4244: “参数”: 从“float”转换到“int”，可能丢失数据
       ResourceCompile:
         所有输出均为最新。
       ManifestResourceCompile:
         所有输出均为最新。
       Link:
         C:\Program Files (x86)\Microsoft Visual Studio 10.0\VC\bin\link.exe /ERRORREPORT:PROMPT /OUT:"Debug\Ball.exe" /INCREMENTAL /NOLOGO kernel32.lib user32.lib gdi32.lib winspool.lib comdlg32.lib advapi32.lib shell32.lib ole32.lib oleaut32.lib uuid.lib odbc32.lib odbccp32.lib /MANIFEST /ManifestFile:"Debug\Ball.exe.intermediate.manifest" /MANIFESTUAC:"level='asInvoker' uiAccess='false'" /DEBUG /PDB:"Debug\Ball.pdb" /SUBSYSTEM:WINDOWS /TLBID:1 /DYNAMICBASE:NO /IMPLIB:"Debug\Ball.lib" /MACHINE:X86 Debug\Ball.res
         Debug\Ball.exe.embed.manifest.res
         Debug\Ball.obj
         Debug\BallData.obj
         Debug\BallManager.obj
         Debug\Manage.obj
         Debug\SrcBitmap.obj
         Debug\stdafx.obj
         Debug\Vector.obj
       Manifest:
         C:\Program Files (x86)\Microsoft SDKs\Windows\v7.0A\bin\mt.exe /nologo /verbose /out:"Debug\Ball.exe.embed.manifest" /manifest Debug\Ball.exe.intermediate.manifest
         所有输出均为最新。
       LinkEmbedManifest:
         所有输出均为最新。
         Ball.vcxproj -> E:\GitHub\Work2018\Ball\Debug\Ball.exe
       FinalizeBuildStatus:
         正在删除文件“Debug\Ball.unsuccessfulbuild”。
         正在对“Debug\Ball.lastbuildstate”执行 Touch 任务。
     1>已完成生成项目“E:\GitHub\Work2018\Ball\Ball.vcxproj”(build 个目标)的操作。

生成成功。

已用时间 00:00:02.06
